<?xml version="1.0" encoding="UTF-8"?>
<!-- Generated by org.testng.reporters.JUnitReportReporter -->
<testsuite hostname="User" failures="0" tests="5" name="testNGbasics.ParametrizationAndIncludeExcludeXml" time="57.435" errors="0" timestamp="2022-05-04T19:45:09 EDT" skipped="0">
  <testcase classname="testNGbasics.ParametrizationAndIncludeExcludeXml" name="positiveLoginFunctionalityTestByClickingSubmitBtn" time="10.689"/>
  <system-out/>
  <testcase classname="testNGbasics.ParametrizationAndIncludeExcludeXml" name="negativeLoginFunctionalityTestByClickSubmitBtn" time="13.507"/>
  <system-out/>
  <testcase classname="testNGbasics.ParametrizationAndIncludeExcludeXml" name="positiveLoginFunctionalityTestByClickingSubmitBtn" time="13.208"/>
  <system-out/>
  <testcase classname="testNGbasics.ParametrizationAndIncludeExcludeXml" name="positiveLoginFunctionalityTestByClickingSubmitBtn" time="8.650"/>
  <system-out/>
  <testcase classname="testNGbasics.ParametrizationAndIncludeExcludeXml" name="negativeLoginFunctionalityTestByClickSubmitBtn" time="11.381"/>
  <system-out/>
</testsuite> <!-- testNGbasics.ParametrizationAndIncludeExcludeXml -->
