<?xml version="1.0" encoding="UTF-8"?>
<!-- Generated by org.testng.reporters.JUnitReportReporter -->
<testsuite hostname="User" failures="0" tests="5" name="testNGbasics.DataDrivenFromSeparateTestDataClass" time="47.147" errors="0" timestamp="2022-04-27T22:05:40 EDT" skipped="0">
  <testcase classname="testNGbasics.DataDrivenFromSeparateTestDataClass" name="negativeLoginFunctionalityTestByClickSubmitBtn" time="8.118"/>
  <system-out/>
  <testcase classname="testNGbasics.DataDrivenFromSeparateTestDataClass" name="positiveLoginFunctionalityTestByClickingSubmitBtn" time="10.298"/>
  <system-out/>
  <testcase classname="testNGbasics.DataDrivenFromSeparateTestDataClass" name="positiveLoginFunctionalityTestByClickingSubmitBtn" time="10.295"/>
  <system-out/>
  <testcase classname="testNGbasics.DataDrivenFromSeparateTestDataClass" name="positiveLoginFunctionalityTestByClickingSubmitBtn" time="7.896"/>
  <system-out/>
  <testcase classname="testNGbasics.DataDrivenFromSeparateTestDataClass" name="negativeLoginFunctionalityTestByClickSubmitBtn" time="10.540"/>
  <system-out/>
</testsuite> <!-- testNGbasics.DataDrivenFromSeparateTestDataClass -->
