<?xml version="1.0" encoding="UTF-8"?>
<!-- Generated by org.testng.reporters.JUnitReportReporter -->
<testsuite hostname="User" failures="0" tests="3" name="testNGbasics.AnnotationsConcept" time="0.016" errors="0" timestamp="2022-04-27T21:36:33 EDT" skipped="0">
  <testcase classname="testNGbasics.AnnotationsConcept" name="test1" time="0.008"/>
  <system-out/>
  <testcase classname="testNGbasics.AnnotationsConcept" name="test3" time="0.004"/>
  <system-out/>
  <testcase classname="testNGbasics.AnnotationsConcept" name="test2" time="0.004"/>
  <system-out/>
</testsuite> <!-- testNGbasics.AnnotationsConcept -->
